2024-01-02T09:47:01.595Z  INFO 13440 --- [restartedMain] com.casamancaise.LivraisonApplication    : Starting LivraisonApplication using Java 17.0.6 with PID 13440 (D:\Livraison\target\classes started by MoussaDIALLO in D:\Livraison)
2024-01-02T09:47:01.610Z DEBUG 13440 --- [restartedMain] com.casamancaise.LivraisonApplication    : Running with Spring Boot v3.2.0, Spring v6.1.1
2024-01-02T09:47:01.614Z  INFO 13440 --- [restartedMain] com.casamancaise.LivraisonApplication    : No active profile set, falling back to 1 default profile: "default"
2024-01-02T09:47:01.723Z  INFO 13440 --- [restartedMain] .e.DevToolsPropertyDefaultsPostProcessor : Devtools property defaults active! Set 'spring.devtools.add-properties' to 'false' to disable
2024-01-02T09:47:01.724Z  INFO 13440 --- [restartedMain] .e.DevToolsPropertyDefaultsPostProcessor : For additional web related logging consider setting the 'logging.level.web' property to 'DEBUG'
2024-01-02T09:47:05.565Z  INFO 13440 --- [restartedMain] .s.d.r.c.RepositoryConfigurationDelegate : Bootstrapping Spring Data JPA repositories in DEFAULT mode.
2024-01-02T09:47:06.083Z  INFO 13440 --- [restartedMain] .s.d.r.c.RepositoryConfigurationDelegate : Finished Spring Data repository scanning in 496 ms. Found 24 JPA repository interfaces.
2024-01-02T09:47:06.349Z  INFO 13440 --- [restartedMain] faultConfiguringBeanFactoryPostProcessor : No bean named 'errorChannel' has been explicitly defined. Therefore, a default PublishSubscribeChannel will be created.
2024-01-02T09:47:06.371Z  INFO 13440 --- [restartedMain] faultConfiguringBeanFactoryPostProcessor : No bean named 'integrationHeaderChannelRegistry' has been explicitly defined. Therefore, a default DefaultHeaderChannelRegistry will be created.
2024-01-02T09:47:08.780Z  INFO 13440 --- [restartedMain] o.s.b.w.embedded.tomcat.TomcatWebServer  : Tomcat initialized with port 8081 (http)
2024-01-02T09:47:08.810Z  INFO 13440 --- [restartedMain] o.apache.catalina.core.StandardService   : Starting service [Tomcat]
2024-01-02T09:47:08.811Z  INFO 13440 --- [restartedMain] o.apache.catalina.core.StandardEngine    : Starting Servlet engine: [Apache Tomcat/10.1.16]
2024-01-02T09:47:09.001Z  INFO 13440 --- [restartedMain] o.a.c.c.C.[Tomcat].[localhost].[/]       : Initializing Spring embedded WebApplicationContext
2024-01-02T09:47:09.002Z  INFO 13440 --- [restartedMain] w.s.c.ServletWebServerApplicationContext : Root WebApplicationContext: initialization completed in 7277 ms
2024-01-02T09:47:09.847Z  INFO 13440 --- [restartedMain] o.hibernate.jpa.internal.util.LogHelper  : HHH000204: Processing PersistenceUnitInfo [name: default]
2024-01-02T09:47:10.036Z  INFO 13440 --- [restartedMain] org.hibernate.Version                    : HHH000412: Hibernate ORM core version 6.3.1.Final
2024-01-02T09:47:10.134Z  INFO 13440 --- [restartedMain] o.h.c.internal.RegionFactoryInitiator    : HHH000026: Second-level cache disabled
2024-01-02T09:47:10.293Z DEBUG 13440 --- [restartedMain] org.hibernate.type.BasicTypeRegistry     : Adding type registration boolean -> org.hibernate.type.BasicTypeReference@44f3a82a
2024-01-02T09:47:10.293Z DEBUG 13440 --- [restartedMain] org.hibernate.type.BasicTypeRegistry     : Adding type registration boolean -> org.hibernate.type.BasicTypeReference@44f3a82a
2024-01-02T09:47:10.294Z DEBUG 13440 --- [restartedMain] org.hibernate.type.BasicTypeRegistry     : Adding type registration java.lang.Boolean -> org.hibernate.type.BasicTypeReference@44f3a82a
2024-01-02T09:47:10.294Z DEBUG 13440 --- [restartedMain] org.hibernate.type.BasicTypeRegistry     : Adding type registration numeric_boolean -> org.hibernate.type.BasicTypeReference@3085b2fd
2024-01-02T09:47:10.294Z DEBUG 13440 --- [restartedMain] org.hibernate.type.BasicTypeRegistry     : Adding type registration org.hibernate.type.NumericBooleanConverter -> org.hibernate.type.BasicTypeReference@3085b2fd
2024-01-02T09:47:10.295Z DEBUG 13440 --- [restartedMain] org.hibernate.type.BasicTypeRegistry     : Adding type registration true_false -> org.hibernate.type.BasicTypeReference@58e249f0
2024-01-02T09:47:10.295Z DEBUG 13440 --- [restartedMain] org.hibernate.type.BasicTypeRegistry     : Adding type registration org.hibernate.type.TrueFalseConverter -> org.hibernate.type.BasicTypeReference@58e249f0
2024-01-02T09:47:10.296Z DEBUG 13440 --- [restartedMain] org.hibernate.type.BasicTypeRegistry     : Adding type registration yes_no -> org.hibernate.type.BasicTypeReference@45e63b21
2024-01-02T09:47:10.296Z DEBUG 13440 --- [restartedMain] org.hibernate.type.BasicTypeRegistry     : Adding type registration org.hibernate.type.YesNoConverter -> org.hibernate.type.BasicTypeReference@45e63b21
2024-01-02T09:47:10.296Z DEBUG 13440 --- [restartedMain] org.hibernate.type.BasicTypeRegistry     : Adding type registration byte -> org.hibernate.type.BasicTypeReference@1c8d694f
2024-01-02T09:47:10.296Z DEBUG 13440 --- [restartedMain] org.hibernate.type.BasicTypeRegistry     : Adding type registration byte -> org.hibernate.type.BasicTypeReference@1c8d694f
2024-01-02T09:47:10.297Z DEBUG 13440 --- [restartedMain] org.hibernate.type.BasicTypeRegistry     : Adding type registration java.lang.Byte -> org.hibernate.type.BasicTypeReference@1c8d694f
2024-01-02T09:47:10.298Z DEBUG 13440 --- [restartedMain] org.hibernate.type.BasicTypeRegistry     : Adding type registration binary -> org.hibernate.type.BasicTypeReference@1822279
2024-01-02T09:47:10.298Z DEBUG 13440 --- [restartedMain] org.hibernate.type.BasicTypeRegistry     : Adding type registration byte[] -> org.hibernate.type.BasicTypeReference@1822279
2024-01-02T09:47:10.298Z DEBUG 13440 --- [restartedMain] org.hibernate.type.BasicTypeRegistry     : Adding type registration [B -> org.hibernate.type.BasicTypeReference@1822279
2024-01-02T09:47:10.298Z DEBUG 13440 --- [restartedMain] org.hibernate.type.BasicTypeRegistry     : Adding type registration binary_wrapper -> org.hibernate.type.BasicTypeReference@481e82a5
2024-01-02T09:47:10.298Z DEBUG 13440 --- [restartedMain] org.hibernate.type.BasicTypeRegistry     : Adding type registration wrapper-binary -> org.hibernate.type.BasicTypeReference@481e82a5
2024-01-02T09:47:10.298Z DEBUG 13440 --- [restartedMain] org.hibernate.type.BasicTypeRegistry     : Adding type registration image -> org.hibernate.type.BasicTypeReference@589fe035
2024-01-02T09:47:10.298Z DEBUG 13440 --- [restartedMain] org.hibernate.type.BasicTypeRegistry     : Adding type registration blob -> org.hibernate.type.BasicTypeReference@39a86b90
2024-01-02T09:47:10.299Z DEBUG 13440 --- [restartedMain] org.hibernate.type.BasicTypeRegistry     : Adding type registration java.sql.Blob -> org.hibernate.type.BasicTypeReference@39a86b90
2024-01-02T09:47:10.299Z DEBUG 13440 --- [restartedMain] org.hibernate.type.BasicTypeRegistry     : Adding type registration materialized_blob -> org.hibernate.type.BasicTypeReference@74d3f998
2024-01-02T09:47:10.299Z DEBUG 13440 --- [restartedMain] org.hibernate.type.BasicTypeRegistry     : Adding type registration materialized_blob_wrapper -> org.hibernate.type.BasicTypeReference@48e4560d
2024-01-02T09:47:10.300Z DEBUG 13440 --- [restartedMain] org.hibernate.type.BasicTypeRegistry     : Adding type registration short -> org.hibernate.type.BasicTypeReference@6f5d896c
2024-01-02T09:47:10.300Z DEBUG 13440 --- [restartedMain] org.hibernate.type.BasicTypeRegistry     : Adding type registration short -> org.hibernate.type.BasicTypeReference@6f5d896c
2024-01-02T09:47:10.300Z DEBUG 13440 --- [restartedMain] org.hibernate.type.BasicTypeRegistry     : Adding type registration java.lang.Short -> org.hibernate.type.BasicTypeReference@6f5d896c
2024-01-02T09:47:10.300Z DEBUG 13440 --- [restartedMain] org.hibernate.type.BasicTypeRegistry     : Adding type registration integer -> org.hibernate.type.BasicTypeReference@15539bfc
2024-01-02T09:47:10.300Z DEBUG 13440 --- [restartedMain] org.hibernate.type.BasicTypeRegistry     : Adding type registration int -> org.hibernate.type.BasicTypeReference@15539bfc
2024-01-02T09:47:10.300Z DEBUG 13440 --- [restartedMain] org.hibernate.type.BasicTypeRegistry     : Adding type registration java.lang.Integer -> org.hibernate.type.BasicTypeReference@15539bfc
2024-01-02T09:47:10.301Z DEBUG 13440 --- [restartedMain] org.hibernate.type.BasicTypeRegistry     : Adding type registration long -> org.hibernate.type.BasicTypeReference@7ea7aff7
2024-01-02T09:47:10.301Z DEBUG 13440 --- [restartedMain] org.hibernate.type.BasicTypeRegistry     : Adding type registration long -> org.hibernate.type.BasicTypeReference@7ea7aff7
2024-01-02T09:47:10.301Z DEBUG 13440 --- [restartedMain] org.hibernate.type.BasicTypeRegistry     : Adding type registration java.lang.Long -> org.hibernate.type.BasicTypeReference@7ea7aff7
2024-01-02T09:47:10.301Z DEBUG 13440 --- [restartedMain] org.hibernate.type.BasicTypeRegistry     : Adding type registration float -> org.hibernate.type.BasicTypeReference@1499ca10
2024-01-02T09:47:10.301Z DEBUG 13440 --- [restartedMain] org.hibernate.type.BasicTypeRegistry     : Adding type registration float -> org.hibernate.type.BasicTypeReference@1499ca10
2024-01-02T09:47:10.301Z DEBUG 13440 --- [restartedMain] org.hibernate.type.BasicTypeRegistry     : Adding type registration java.lang.Float -> org.hibernate.type.BasicTypeReference@1499ca10
2024-01-02T09:47:10.301Z DEBUG 13440 --- [restartedMain] org.hibernate.type.BasicTypeRegistry     : Adding type registration double -> org.hibernate.type.BasicTypeReference@170c3706
2024-01-02T09:47:10.302Z DEBUG 13440 --- [restartedMain] org.hibernate.type.BasicTypeRegistry     : Adding type registration double -> org.hibernate.type.BasicTypeReference@170c3706
2024-01-02T09:47:10.302Z DEBUG 13440 --- [restartedMain] org.hibernate.type.BasicTypeRegistry     : Adding type registration java.lang.Double -> org.hibernate.type.BasicTypeReference@170c3706
2024-01-02T09:47:10.302Z DEBUG 13440 --- [restartedMain] org.hibernate.type.BasicTypeRegistry     : Adding type registration big_integer -> org.hibernate.type.BasicTypeReference@1e89d260
2024-01-02T09:47:10.302Z DEBUG 13440 --- [restartedMain] org.hibernate.type.BasicTypeRegistry     : Adding type registration java.math.BigInteger -> org.hibernate.type.BasicTypeReference@1e89d260
2024-01-02T09:47:10.302Z DEBUG 13440 --- [restartedMain] org.hibernate.type.BasicTypeRegistry     : Adding type registration big_decimal -> org.hibernate.type.BasicTypeReference@5d120e51
2024-01-02T09:47:10.302Z DEBUG 13440 --- [restartedMain] org.hibernate.type.BasicTypeRegistry     : Adding type registration java.math.BigDecimal -> org.hibernate.type.BasicTypeReference@5d120e51
2024-01-02T09:47:10.302Z DEBUG 13440 --- [restartedMain] org.hibernate.type.BasicTypeRegistry     : Adding type registration character -> org.hibernate.type.BasicTypeReference@70196a9
2024-01-02T09:47:10.302Z DEBUG 13440 --- [restartedMain] org.hibernate.type.BasicTypeRegistry     : Adding type registration char -> org.hibernate.type.BasicTypeReference@70196a9
2024-01-02T09:47:10.304Z DEBUG 13440 --- [restartedMain] org.hibernate.type.BasicTypeRegistry     : Adding type registration java.lang.Character -> org.hibernate.type.BasicTypeReference@70196a9
2024-01-02T09:47:10.304Z DEBUG 13440 --- [restartedMain] org.hibernate.type.BasicTypeRegistry     : Adding type registration character_nchar -> org.hibernate.type.BasicTypeReference@71432548
2024-01-02T09:47:10.304Z DEBUG 13440 --- [restartedMain] org.hibernate.type.BasicTypeRegistry     : Adding type registration string -> org.hibernate.type.BasicTypeReference@2189f3d2
2024-01-02T09:47:10.304Z DEBUG 13440 --- [restartedMain] org.hibernate.type.BasicTypeRegistry     : Adding type registration java.lang.String -> org.hibernate.type.BasicTypeReference@2189f3d2
2024-01-02T09:47:10.304Z DEBUG 13440 --- [restartedMain] org.hibernate.type.BasicTypeRegistry     : Adding type registration nstring -> org.hibernate.type.BasicTypeReference@6ca41134
2024-01-02T09:47:10.305Z DEBUG 13440 --- [restartedMain] org.hibernate.type.BasicTypeRegistry     : Adding type registration characters -> org.hibernate.type.BasicTypeReference@671b76d7
2024-01-02T09:47:10.305Z DEBUG 13440 --- [restartedMain] org.hibernate.type.BasicTypeRegistry     : Adding type registration char[] -> org.hibernate.type.BasicTypeReference@671b76d7
2024-01-02T09:47:10.306Z DEBUG 13440 --- [restartedMain] org.hibernate.type.BasicTypeRegistry     : Adding type registration [C -> org.hibernate.type.BasicTypeReference@671b76d7
2024-01-02T09:47:10.306Z DEBUG 13440 --- [restartedMain] org.hibernate.type.BasicTypeRegistry     : Adding type registration wrapper-characters -> org.hibernate.type.BasicTypeReference@f9a7619
2024-01-02T09:47:10.306Z DEBUG 13440 --- [restartedMain] org.hibernate.type.BasicTypeRegistry     : Adding type registration text -> org.hibernate.type.BasicTypeReference@61e3135b
2024-01-02T09:47:10.306Z DEBUG 13440 --- [restartedMain] org.hibernate.type.BasicTypeRegistry     : Adding type registration ntext -> org.hibernate.type.BasicTypeReference@2d8293e2
2024-01-02T09:47:10.307Z DEBUG 13440 --- [restartedMain] org.hibernate.type.BasicTypeRegistry     : Adding type registration clob -> org.hibernate.type.BasicTypeReference@1193e54b
2024-01-02T09:47:10.307Z DEBUG 13440 --- [restartedMain] org.hibernate.type.BasicTypeRegistry     : Adding type registration java.sql.Clob -> org.hibernate.type.BasicTypeReference@1193e54b
2024-01-02T09:47:10.307Z DEBUG 13440 --- [restartedMain] org.hibernate.type.BasicTypeRegistry     : Adding type registration nclob -> org.hibernate.type.BasicTypeReference@4de573de
2024-01-02T09:47:10.307Z DEBUG 13440 --- [restartedMain] org.hibernate.type.BasicTypeRegistry     : Adding type registration java.sql.NClob -> org.hibernate.type.BasicTypeReference@4de573de
2024-01-02T09:47:10.307Z DEBUG 13440 --- [restartedMain] org.hibernate.type.BasicTypeRegistry     : Adding type registration materialized_clob -> org.hibernate.type.BasicTypeReference@3465c8f2
2024-01-02T09:47:10.308Z DEBUG 13440 --- [restartedMain] org.hibernate.type.BasicTypeRegistry     : Adding type registration materialized_clob_char_array -> org.hibernate.type.BasicTypeReference@dc1401f
2024-01-02T09:47:10.308Z DEBUG 13440 --- [restartedMain] org.hibernate.type.BasicTypeRegistry     : Adding type registration materialized_clob_character_array -> org.hibernate.type.BasicTypeReference@3f64551
2024-01-02T09:47:10.309Z DEBUG 13440 --- [restartedMain] org.hibernate.type.BasicTypeRegistry     : Adding type registration materialized_nclob -> org.hibernate.type.BasicTypeReference@65ebad72
2024-01-02T09:47:10.310Z DEBUG 13440 --- [restartedMain] org.hibernate.type.BasicTypeRegistry     : Adding type registration materialized_nclob_character_array -> org.hibernate.type.BasicTypeReference@7f53cb65
2024-01-02T09:47:10.310Z DEBUG 13440 --- [restartedMain] org.hibernate.type.BasicTypeRegistry     : Adding type registration materialized_nclob_char_array -> org.hibernate.type.BasicTypeReference@7895bd28
2024-01-02T09:47:10.310Z DEBUG 13440 --- [restartedMain] org.hibernate.type.BasicTypeRegistry     : Adding type registration Duration -> org.hibernate.type.BasicTypeReference@4978a3a6
2024-01-02T09:47:10.310Z DEBUG 13440 --- [restartedMain] org.hibernate.type.BasicTypeRegistry     : Adding type registration java.time.Duration -> org.hibernate.type.BasicTypeReference@4978a3a6
2024-01-02T09:47:10.311Z DEBUG 13440 --- [restartedMain] org.hibernate.type.BasicTypeRegistry     : Adding type registration LocalDateTime -> org.hibernate.type.BasicTypeReference@714017c6
2024-01-02T09:47:10.311Z DEBUG 13440 --- [restartedMain] org.hibernate.type.BasicTypeRegistry     : Adding type registration java.time.LocalDateTime -> org.hibernate.type.BasicTypeReference@714017c6
2024-01-02T09:47:10.311Z DEBUG 13440 --- [restartedMain] org.hibernate.type.BasicTypeRegistry     : Adding type registration LocalDate -> org.hibernate.type.BasicTypeReference@10a9e268
2024-01-02T09:47:10.311Z DEBUG 13440 --- [restartedMain] org.hibernate.type.BasicTypeRegistry     : Adding type registration java.time.LocalDate -> org.hibernate.type.BasicTypeReference@10a9e268
2024-01-02T09:47:10.311Z DEBUG 13440 --- [restartedMain] org.hibernate.type.BasicTypeRegistry     : Adding type registration LocalTime -> org.hibernate.type.BasicTypeReference@450061a8
2024-01-02T09:47:10.311Z DEBUG 13440 --- [restartedMain] org.hibernate.type.BasicTypeRegistry     : Adding type registration java.time.LocalTime -> org.hibernate.type.BasicTypeReference@450061a8
2024-01-02T09:47:10.312Z DEBUG 13440 --- [restartedMain] org.hibernate.type.BasicTypeRegistry     : Adding type registration OffsetDateTime -> org.hibernate.type.BasicTypeReference@49e98f3d
2024-01-02T09:47:10.312Z DEBUG 13440 --- [restartedMain] org.hibernate.type.BasicTypeRegistry     : Adding type registration java.time.OffsetDateTime -> org.hibernate.type.BasicTypeReference@49e98f3d
2024-01-02T09:47:10.312Z DEBUG 13440 --- [restartedMain] org.hibernate.type.BasicTypeRegistry     : Adding type registration OffsetDateTimeWithTimezone -> org.hibernate.type.BasicTypeReference@38e65fe1
2024-01-02T09:47:10.312Z DEBUG 13440 --- [restartedMain] org.hibernate.type.BasicTypeRegistry     : Adding type registration OffsetDateTimeWithoutTimezone -> org.hibernate.type.BasicTypeReference@67035037
2024-01-02T09:47:10.312Z DEBUG 13440 --- [restartedMain] org.hibernate.type.BasicTypeRegistry     : Adding type registration OffsetTime -> org.hibernate.type.BasicTypeReference@21c8605e
2024-01-02T09:47:10.312Z DEBUG 13440 --- [restartedMain] org.hibernate.type.BasicTypeRegistry     : Adding type registration java.time.OffsetTime -> org.hibernate.type.BasicTypeReference@21c8605e
2024-01-02T09:47:10.312Z DEBUG 13440 --- [restartedMain] org.hibernate.type.BasicTypeRegistry     : Adding type registration OffsetTimeUtc -> org.hibernate.type.BasicTypeReference@245d933d
2024-01-02T09:47:10.312Z DEBUG 13440 --- [restartedMain] org.hibernate.type.BasicTypeRegistry     : Adding type registration OffsetTimeWithTimezone -> org.hibernate.type.BasicTypeReference@2eced900
2024-01-02T09:47:10.312Z DEBUG 13440 --- [restartedMain] org.hibernate.type.BasicTypeRegistry     : Adding type registration OffsetTimeWithoutTimezone -> org.hibernate.type.BasicTypeReference@53b1a606
2024-01-02T09:47:10.312Z DEBUG 13440 --- [restartedMain] org.hibernate.type.BasicTypeRegistry     : Adding type registration ZonedDateTime -> org.hibernate.type.BasicTypeReference@3119f6be
2024-01-02T09:47:10.312Z DEBUG 13440 --- [restartedMain] org.hibernate.type.BasicTypeRegistry     : Adding type registration java.time.ZonedDateTime -> org.hibernate.type.BasicTypeReference@3119f6be
2024-01-02T09:47:10.312Z DEBUG 13440 --- [restartedMain] org.hibernate.type.BasicTypeRegistry     : Adding type registration ZonedDateTimeWithTimezone -> org.hibernate.type.BasicTypeReference@79154fdb
2024-01-02T09:47:10.312Z DEBUG 13440 --- [restartedMain] org.hibernate.type.BasicTypeRegistry     : Adding type registration ZonedDateTimeWithoutTimezone -> org.hibernate.type.BasicTypeReference@21cb8f20
2024-01-02T09:47:10.314Z DEBUG 13440 --- [restartedMain] org.hibernate.type.BasicTypeRegistry     : Adding type registration date -> org.hibernate.type.BasicTypeReference@7f949c89
2024-01-02T09:47:10.314Z DEBUG 13440 --- [restartedMain] org.hibernate.type.BasicTypeRegistry     : Adding type registration java.sql.Date -> org.hibernate.type.BasicTypeReference@7f949c89
2024-01-02T09:47:10.314Z DEBUG 13440 --- [restartedMain] org.hibernate.type.BasicTypeRegistry     : Adding type registration time -> org.hibernate.type.BasicTypeReference@1c629c3
2024-01-02T09:47:10.314Z DEBUG 13440 --- [restartedMain] org.hibernate.type.BasicTypeRegistry     : Adding type registration java.sql.Time -> org.hibernate.type.BasicTypeReference@1c629c3
2024-01-02T09:47:10.314Z DEBUG 13440 --- [restartedMain] org.hibernate.type.BasicTypeRegistry     : Adding type registration timestamp -> org.hibernate.type.BasicTypeReference@52fed5b7
2024-01-02T09:47:10.315Z DEBUG 13440 --- [restartedMain] org.hibernate.type.BasicTypeRegistry     : Adding type registration java.sql.Timestamp -> org.hibernate.type.BasicTypeReference@52fed5b7
2024-01-02T09:47:10.315Z DEBUG 13440 --- [restartedMain] org.hibernate.type.BasicTypeRegistry     : Adding type registration java.util.Date -> org.hibernate.type.BasicTypeReference@52fed5b7
2024-01-02T09:47:10.315Z DEBUG 13440 --- [restartedMain] org.hibernate.type.BasicTypeRegistry     : Adding type registration calendar -> org.hibernate.type.BasicTypeReference@2f31e247
2024-01-02T09:47:10.315Z DEBUG 13440 --- [restartedMain] org.hibernate.type.BasicTypeRegistry     : Adding type registration java.util.Calendar -> org.hibernate.type.BasicTypeReference@2f31e247
2024-01-02T09:47:10.315Z DEBUG 13440 --- [restartedMain] org.hibernate.type.BasicTypeRegistry     : Adding type registration java.util.GregorianCalendar -> org.hibernate.type.BasicTypeReference@2f31e247
2024-01-02T09:47:10.316Z DEBUG 13440 --- [restartedMain] org.hibernate.type.BasicTypeRegistry     : Adding type registration calendar_date -> org.hibernate.type.BasicTypeReference@741a43fc
2024-01-02T09:47:10.316Z DEBUG 13440 --- [restartedMain] org.hibernate.type.BasicTypeRegistry     : Adding type registration calendar_time -> org.hibernate.type.BasicTypeReference@44a2f48d
2024-01-02T09:47:10.316Z DEBUG 13440 --- [restartedMain] org.hibernate.type.BasicTypeRegistry     : Adding type registration instant -> org.hibernate.type.BasicTypeReference@6055c2c3
2024-01-02T09:47:10.316Z DEBUG 13440 --- [restartedMain] org.hibernate.type.BasicTypeRegistry     : Adding type registration java.time.Instant -> org.hibernate.type.BasicTypeReference@6055c2c3
2024-01-02T09:47:10.316Z DEBUG 13440 --- [restartedMain] org.hibernate.type.BasicTypeRegistry     : Adding type registration uuid -> org.hibernate.type.BasicTypeReference@40d62754
2024-01-02T09:47:10.316Z DEBUG 13440 --- [restartedMain] org.hibernate.type.BasicTypeRegistry     : Adding type registration java.util.UUID -> org.hibernate.type.BasicTypeReference@40d62754
2024-01-02T09:47:10.316Z DEBUG 13440 --- [restartedMain] org.hibernate.type.BasicTypeRegistry     : Adding type registration pg-uuid -> org.hibernate.type.BasicTypeReference@40d62754
2024-01-02T09:47:10.317Z DEBUG 13440 --- [restartedMain] org.hibernate.type.BasicTypeRegistry     : Adding type registration uuid-binary -> org.hibernate.type.BasicTypeReference@66758911
2024-01-02T09:47:10.317Z DEBUG 13440 --- [restartedMain] org.hibernate.type.BasicTypeRegistry     : Adding type registration uuid-char -> org.hibernate.type.BasicTypeReference@35200fce
2024-01-02T09:47:10.318Z DEBUG 13440 --- [restartedMain] org.hibernate.type.BasicTypeRegistry     : Adding type registration class -> org.hibernate.type.BasicTypeReference@7b2d8073
2024-01-02T09:47:10.318Z DEBUG 13440 --- [restartedMain] org.hibernate.type.BasicTypeRegistry     : Adding type registration java.lang.Class -> org.hibernate.type.BasicTypeReference@7b2d8073
2024-01-02T09:47:10.318Z DEBUG 13440 --- [restartedMain] org.hibernate.type.BasicTypeRegistry     : Adding type registration currency -> org.hibernate.type.BasicTypeReference@a30f4c5
2024-01-02T09:47:10.318Z DEBUG 13440 --- [restartedMain] org.hibernate.type.BasicTypeRegistry     : Adding type registration Currency -> org.hibernate.type.BasicTypeReference@a30f4c5
2024-01-02T09:47:10.318Z DEBUG 13440 --- [restartedMain] org.hibernate.type.BasicTypeRegistry     : Adding type registration java.util.Currency -> org.hibernate.type.BasicTypeReference@a30f4c5
2024-01-02T09:47:10.319Z DEBUG 13440 --- [restartedMain] org.hibernate.type.BasicTypeRegistry     : Adding type registration locale -> org.hibernate.type.BasicTypeReference@4047c993
2024-01-02T09:47:10.319Z DEBUG 13440 --- [restartedMain] org.hibernate.type.BasicTypeRegistry     : Adding type registration java.util.Locale -> org.hibernate.type.BasicTypeReference@4047c993
2024-01-02T09:47:10.319Z DEBUG 13440 --- [restartedMain] org.hibernate.type.BasicTypeRegistry     : Adding type registration serializable -> org.hibernate.type.BasicTypeReference@75ace02a
2024-01-02T09:47:10.319Z DEBUG 13440 --- [restartedMain] org.hibernate.type.BasicTypeRegistry     : Adding type registration java.io.Serializable -> org.hibernate.type.BasicTypeReference@75ace02a
2024-01-02T09:47:10.319Z DEBUG 13440 --- [restartedMain] org.hibernate.type.BasicTypeRegistry     : Adding type registration timezone -> org.hibernate.type.BasicTypeReference@6215c8f4
2024-01-02T09:47:10.320Z DEBUG 13440 --- [restartedMain] org.hibernate.type.BasicTypeRegistry     : Adding type registration java.util.TimeZone -> org.hibernate.type.BasicTypeReference@6215c8f4
2024-01-02T09:47:10.320Z DEBUG 13440 --- [restartedMain] org.hibernate.type.BasicTypeRegistry     : Adding type registration ZoneOffset -> org.hibernate.type.BasicTypeReference@6f0e8eaf
2024-01-02T09:47:10.320Z DEBUG 13440 --- [restartedMain] org.hibernate.type.BasicTypeRegistry     : Adding type registration java.time.ZoneOffset -> org.hibernate.type.BasicTypeReference@6f0e8eaf
2024-01-02T09:47:10.320Z DEBUG 13440 --- [restartedMain] org.hibernate.type.BasicTypeRegistry     : Adding type registration url -> org.hibernate.type.BasicTypeReference@117bc98c
2024-01-02T09:47:10.320Z DEBUG 13440 --- [restartedMain] org.hibernate.type.BasicTypeRegistry     : Adding type registration java.net.URL -> org.hibernate.type.BasicTypeReference@117bc98c
2024-01-02T09:47:10.321Z DEBUG 13440 --- [restartedMain] org.hibernate.type.BasicTypeRegistry     : Adding type registration row_version -> org.hibernate.type.BasicTypeReference@344c639
2024-01-02T09:47:10.330Z DEBUG 13440 --- [restartedMain] org.hibernate.type.BasicTypeRegistry     : Adding type registration object -> org.hibernate.type.JavaObjectType@117614bb
2024-01-02T09:47:10.330Z DEBUG 13440 --- [restartedMain] org.hibernate.type.BasicTypeRegistry     : Adding type registration java.lang.Object -> org.hibernate.type.JavaObjectType@117614bb
2024-01-02T09:47:10.331Z DEBUG 13440 --- [restartedMain] org.hibernate.type.BasicTypeRegistry     : Adding type registration null -> org.hibernate.type.NullType@d59dd7a
2024-01-02T09:47:10.332Z DEBUG 13440 --- [restartedMain] org.hibernate.type.BasicTypeRegistry     : Adding type registration imm_date -> org.hibernate.type.BasicTypeReference@3e1f9c98
2024-01-02T09:47:10.332Z DEBUG 13440 --- [restartedMain] org.hibernate.type.BasicTypeRegistry     : Adding type registration imm_time -> org.hibernate.type.BasicTypeReference@431c0774
2024-01-02T09:47:10.332Z DEBUG 13440 --- [restartedMain] org.hibernate.type.BasicTypeRegistry     : Adding type registration imm_timestamp -> org.hibernate.type.BasicTypeReference@3ebe543a
2024-01-02T09:47:10.332Z DEBUG 13440 --- [restartedMain] org.hibernate.type.BasicTypeRegistry     : Adding type registration imm_calendar -> org.hibernate.type.BasicTypeReference@7d4ffc9a
2024-01-02T09:47:10.333Z DEBUG 13440 --- [restartedMain] org.hibernate.type.BasicTypeRegistry     : Adding type registration imm_calendar_date -> org.hibernate.type.BasicTypeReference@3ff644f7
2024-01-02T09:47:10.333Z DEBUG 13440 --- [restartedMain] org.hibernate.type.BasicTypeRegistry     : Adding type registration imm_calendar_time -> org.hibernate.type.BasicTypeReference@1c72d3da
2024-01-02T09:47:10.333Z DEBUG 13440 --- [restartedMain] org.hibernate.type.BasicTypeRegistry     : Adding type registration imm_binary -> org.hibernate.type.BasicTypeReference@50214bea
2024-01-02T09:47:10.333Z DEBUG 13440 --- [restartedMain] org.hibernate.type.BasicTypeRegistry     : Adding type registration imm_serializable -> org.hibernate.type.BasicTypeReference@5208c658
2024-01-02T09:47:10.674Z  INFO 13440 --- [restartedMain] o.s.o.j.p.SpringPersistenceUnitInfo      : No LoadTimeWeaver setup: ignoring JPA class transformer
2024-01-02T09:47:10.733Z  INFO 13440 --- [restartedMain] com.zaxxer.hikari.HikariDataSource       : HikariPool-1 - Starting...
2024-01-02T09:47:11.570Z  INFO 13440 --- [restartedMain] com.zaxxer.hikari.pool.HikariPool        : HikariPool-1 - Added connection ConnectionID:1 ClientConnectionId: cacc3c11-d9c9-4dfa-954c-828e03a1e640
2024-01-02T09:47:11.581Z  INFO 13440 --- [restartedMain] com.zaxxer.hikari.HikariDataSource       : HikariPool-1 - Start completed.
2024-01-02T09:47:11.658Z  WARN 13440 --- [restartedMain] org.hibernate.orm.deprecation            : HHH90000025: SQLServerDialect does not need to be specified explicitly using 'hibernate.dialect' (remove the property setting and it will be selected by default)
2024-01-02T09:47:11.757Z DEBUG 13440 --- [restartedMain] o.h.t.d.jdbc.spi.JdbcTypeRegistry        : addDescriptor(NCharTypeDescriptor) replaced previous registration(CharTypeDescriptor)
2024-01-02T09:47:11.758Z DEBUG 13440 --- [restartedMain] o.h.t.d.jdbc.spi.JdbcTypeRegistry        : addDescriptor(NVarcharTypeDescriptor) replaced previous registration(VarcharTypeDescriptor)
2024-01-02T09:47:11.759Z DEBUG 13440 --- [restartedMain] o.h.t.d.jdbc.spi.JdbcTypeRegistry        : addDescriptor(LongNVarcharTypeDescriptor) replaced previous registration(LongVarcharTypeDescriptor)
2024-01-02T09:47:11.765Z DEBUG 13440 --- [restartedMain] o.h.t.d.jdbc.spi.JdbcTypeRegistry        : addDescriptor(NClobTypeDescriptor(DEFAULT)) replaced previous registration(ClobTypeDescriptor(DEFAULT))
2024-01-02T09:47:11.766Z DEBUG 13440 --- [restartedMain] o.h.t.d.jdbc.spi.JdbcTypeRegistry        : addDescriptor(2005, ClobTypeDescriptor(STREAM_BINDING)) replaced previous registration(ClobTypeDescriptor(DEFAULT))
2024-01-02T09:47:11.768Z DEBUG 13440 --- [restartedMain] o.h.t.d.jdbc.spi.JdbcTypeRegistry        : addDescriptor(TimestampUtcDescriptor) replaced previous registration(TimestampUtcDescriptor)
2024-01-02T09:47:11.770Z DEBUG 13440 --- [restartedMain] o.h.t.d.jdbc.spi.JdbcTypeRegistry        : addDescriptor(-6, TinyIntTypeDescriptor) replaced previous registration(TinyIntTypeDescriptor)
2024-01-02T09:47:11.783Z DEBUG 13440 --- [restartedMain] org.hibernate.type.BasicTypeRegistry     : Adding type registration Duration -> basicType@1(java.time.Duration,2)
2024-01-02T09:47:11.783Z DEBUG 13440 --- [restartedMain] org.hibernate.type.BasicTypeRegistry     : Adding type registration java.time.Duration -> basicType@1(java.time.Duration,2)
2024-01-02T09:47:11.794Z DEBUG 13440 --- [restartedMain] o.h.type.spi.TypeConfiguration$Scope     : Scoping TypeConfiguration [org.hibernate.type.spi.TypeConfiguration@53dd540f] to MetadataBuildingContext [org.hibernate.boot.internal.MetadataBuildingContextRootImpl@36c3a38b]
2024-01-02T09:47:14.370Z  INFO 13440 --- [restartedMain] o.h.e.t.j.p.i.JtaPlatformInitiator       : HHH000489: No JTA platform available (set 'hibernate.transaction.jta.platform' to enable JTA platform integration)
2024-01-02T09:47:14.371Z DEBUG 13440 --- [restartedMain] o.h.type.spi.TypeConfiguration$Scope     : Scoping TypeConfiguration [org.hibernate.type.spi.TypeConfiguration@53dd540f] to SessionFactoryImplementor [org.hibernate.internal.SessionFactoryImpl@5ca56376]
2024-01-02T09:47:15.941Z TRACE 13440 --- [restartedMain] o.h.type.spi.TypeConfiguration$Scope     : Handling #sessionFactoryCreated from [org.hibernate.internal.SessionFactoryImpl@5ca56376] for TypeConfiguration
2024-01-02T09:47:15.942Z  INFO 13440 --- [restartedMain] j.LocalContainerEntityManagerFactoryBean : Initialized JPA EntityManagerFactory for persistence unit 'default'
2024-01-02T09:47:16.664Z  INFO 13440 --- [restartedMain] o.s.d.j.r.query.QueryEnhancerFactory     : Hibernate is in classpath; If applicable, HQL parser will be used.
2024-01-02T09:47:19.712Z  WARN 13440 --- [restartedMain] JpaBaseConfiguration$JpaWebConfiguration : spring.jpa.open-in-view is enabled by default. Therefore, database queries may be performed during view rendering. Explicitly configure spring.jpa.open-in-view to disable this warning
2024-01-02T09:47:20.701Z  WARN 13440 --- [restartedMain] ion$DefaultTemplateResolverConfiguration : Cannot find template location: classpath:/templates/ (please add some templates, check your Thymeleaf configuration, or set spring.thymeleaf.check-template-location=false)
2024-01-02T09:47:22.055Z  INFO 13440 --- [restartedMain] o.s.b.d.a.OptionalLiveReloadServer       : LiveReload server is running on port 35729
2024-01-02T09:47:22.081Z  INFO 13440 --- [restartedMain] o.s.b.a.e.web.EndpointLinksResolver      : Exposing 1 endpoint(s) beneath base path '/actuator'
2024-01-02T09:47:22.504Z  INFO 13440 --- [restartedMain] o.s.i.endpoint.EventDrivenConsumer       : Adding {logging-channel-adapter:_org.springframework.integration.errorLogger} as a subscriber to the 'errorChannel' channel
2024-01-02T09:47:22.505Z  INFO 13440 --- [restartedMain] o.s.i.channel.PublishSubscribeChannel    : Channel 'application.errorChannel' has 1 subscriber(s).
2024-01-02T09:47:22.506Z  INFO 13440 --- [restartedMain] o.s.i.endpoint.EventDrivenConsumer       : started bean '_org.springframework.integration.errorLogger'
2024-01-02T09:47:22.550Z  INFO 13440 --- [restartedMain] o.s.b.w.embedded.tomcat.TomcatWebServer  : Tomcat started on port 8081 (http) with context path ''
2024-01-02T09:47:22.592Z  INFO 13440 --- [restartedMain] com.casamancaise.LivraisonApplication    : Started LivraisonApplication in 22.071 seconds (process running for 23.448)
2024-01-02T09:47:35.727Z  INFO 13440 --- [http-nio-8081-exec-1] o.a.c.c.C.[Tomcat].[localhost].[/]       : Initializing Spring DispatcherServlet 'dispatcherServlet'
2024-01-02T09:47:35.728Z  INFO 13440 --- [http-nio-8081-exec-1] o.s.web.servlet.DispatcherServlet        : Initializing Servlet 'dispatcherServlet'
2024-01-02T09:47:35.731Z  INFO 13440 --- [http-nio-8081-exec-1] o.s.web.servlet.DispatcherServlet        : Completed initialization in 3 ms
2024-01-02T09:47:37.580Z  INFO 13440 --- [http-nio-8081-exec-3] o.springdoc.api.AbstractOpenApiResource  : Init duration for springdoc-openapi is: 1412 ms
2024-01-02T09:47:45.334Z DEBUG 13440 --- [http-nio-8081-exec-4] org.hibernate.SQL                        : select rs1_0.id,rs1_0.date_reception,rs1_0.entrepot_id,rs1_0.est_annulee,rs1_0.quart,rs1_0.reference from reception_stock rs1_0
2024-01-02T09:47:45.385Z DEBUG 13440 --- [http-nio-8081-exec-4] org.hibernate.SQL                        : select e1_0.id_entre,e1_0.localite,e1_0.nom from entrepots e1_0 where e1_0.id_entre=?
2024-01-02T09:47:45.436Z DEBUG 13440 --- [http-nio-8081-exec-4] org.hibernate.SQL                        : select rd1_0.reception_stock_id,rd1_0.id,rd1_0.article_id,a1_0.id_article,a1_0.cout_prod,a1_0.lib_arti,a1_0.marge_secu,a1_0.ref_arti,a1_0.tonage,a1_0.unite,rd1_0.etat,rd1_0.quantity from reception_detail rd1_0 left join article a1_0 on a1_0.id_article=rd1_0.article_id where rd1_0.reception_stock_id=?
2024-01-02T09:47:45.452Z DEBUG 13440 --- [http-nio-8081-exec-4] org.hibernate.SQL                        : select rd1_0.reception_stock_id,rd1_0.id,rd1_0.article_id,a1_0.id_article,a1_0.cout_prod,a1_0.lib_arti,a1_0.marge_secu,a1_0.ref_arti,a1_0.tonage,a1_0.unite,rd1_0.etat,rd1_0.quantity from reception_detail rd1_0 left join article a1_0 on a1_0.id_article=rd1_0.article_id where rd1_0.reception_stock_id=?
2024-01-02T12:03:16.641Z  INFO 13440 --- [SpringApplicationShutdownHook] o.s.i.endpoint.EventDrivenConsumer       : Removing {logging-channel-adapter:_org.springframework.integration.errorLogger} as a subscriber to the 'errorChannel' channel
2024-01-02T12:03:16.647Z  INFO 13440 --- [SpringApplicationShutdownHook] o.s.i.channel.PublishSubscribeChannel    : Channel 'application.errorChannel' has 0 subscriber(s).
2024-01-02T12:03:16.650Z  INFO 13440 --- [SpringApplicationShutdownHook] o.s.i.endpoint.EventDrivenConsumer       : stopped bean '_org.springframework.integration.errorLogger'
2024-01-02T12:03:16.676Z  INFO 13440 --- [SpringApplicationShutdownHook] j.LocalContainerEntityManagerFactoryBean : Closing JPA EntityManagerFactory for persistence unit 'default'
2024-01-02T12:03:16.716Z TRACE 13440 --- [SpringApplicationShutdownHook] o.h.type.spi.TypeConfiguration$Scope     : Handling #sessionFactoryClosed from [org.hibernate.internal.SessionFactoryImpl@5ca56376] for TypeConfiguration
2024-01-02T12:03:16.717Z DEBUG 13440 --- [SpringApplicationShutdownHook] o.h.type.spi.TypeConfiguration$Scope     : Un-scoping TypeConfiguration [org.hibernate.type.spi.TypeConfiguration$Scope@4b1e7beb] from SessionFactory [org.hibernate.internal.SessionFactoryImpl@5ca56376]
2024-01-02T12:03:16.751Z  INFO 13440 --- [SpringApplicationShutdownHook] com.zaxxer.hikari.HikariDataSource       : HikariPool-1 - Shutdown initiated...
2024-01-02T12:03:16.761Z  INFO 13440 --- [SpringApplicationShutdownHook] com.zaxxer.hikari.HikariDataSource       : HikariPool-1 - Shutdown completed.
2024-01-02T21:14:45.923Z  INFO 22136 --- [restartedMain] com.casamancaise.LivraisonApplication    : Starting LivraisonApplication using Java 17.0.6 with PID 22136 (D:\Livraison\target\classes started by MoussaDIALLO in D:\Livraison)
2024-01-02T21:14:45.929Z DEBUG 22136 --- [restartedMain] com.casamancaise.LivraisonApplication    : Running with Spring Boot v3.2.0, Spring v6.1.1
2024-01-02T21:14:45.931Z  INFO 22136 --- [restartedMain] com.casamancaise.LivraisonApplication    : No active profile set, falling back to 1 default profile: "default"
2024-01-02T21:14:46.063Z  INFO 22136 --- [restartedMain] .e.DevToolsPropertyDefaultsPostProcessor : Devtools property defaults active! Set 'spring.devtools.add-properties' to 'false' to disable
2024-01-02T21:14:46.064Z  INFO 22136 --- [restartedMain] .e.DevToolsPropertyDefaultsPostProcessor : For additional web related logging consider setting the 'logging.level.web' property to 'DEBUG'
2024-01-02T21:14:51.051Z  INFO 22136 --- [restartedMain] .s.d.r.c.RepositoryConfigurationDelegate : Bootstrapping Spring Data JPA repositories in DEFAULT mode.
2024-01-02T21:14:51.717Z  INFO 22136 --- [restartedMain] .s.d.r.c.RepositoryConfigurationDelegate : Finished Spring Data repository scanning in 646 ms. Found 24 JPA repository interfaces.
2024-01-02T21:14:52.085Z  INFO 22136 --- [restartedMain] faultConfiguringBeanFactoryPostProcessor : No bean named 'errorChannel' has been explicitly defined. Therefore, a default PublishSubscribeChannel will be created.
2024-01-02T21:14:52.118Z  INFO 22136 --- [restartedMain] faultConfiguringBeanFactoryPostProcessor : No bean named 'integrationHeaderChannelRegistry' has been explicitly defined. Therefore, a default DefaultHeaderChannelRegistry will be created.
2024-01-02T21:14:54.980Z  INFO 22136 --- [restartedMain] o.s.b.w.embedded.tomcat.TomcatWebServer  : Tomcat initialized with port 8081 (http)
2024-01-02T21:14:55.014Z  INFO 22136 --- [restartedMain] o.apache.catalina.core.StandardService   : Starting service [Tomcat]
2024-01-02T21:14:55.016Z  INFO 22136 --- [restartedMain] o.apache.catalina.core.StandardEngine    : Starting Servlet engine: [Apache Tomcat/10.1.16]
2024-01-02T21:14:55.214Z  INFO 22136 --- [restartedMain] o.a.c.c.C.[Tomcat].[localhost].[/]       : Initializing Spring embedded WebApplicationContext
2024-01-02T21:14:55.215Z  INFO 22136 --- [restartedMain] w.s.c.ServletWebServerApplicationContext : Root WebApplicationContext: initialization completed in 9150 ms
2024-01-02T21:14:56.248Z  INFO 22136 --- [restartedMain] o.hibernate.jpa.internal.util.LogHelper  : HHH000204: Processing PersistenceUnitInfo [name: default]
2024-01-02T21:14:56.417Z  INFO 22136 --- [restartedMain] org.hibernate.Version                    : HHH000412: Hibernate ORM core version 6.3.1.Final
2024-01-02T21:14:56.541Z  INFO 22136 --- [restartedMain] o.h.c.internal.RegionFactoryInitiator    : HHH000026: Second-level cache disabled
2024-01-02T21:14:56.728Z DEBUG 22136 --- [restartedMain] org.hibernate.type.BasicTypeRegistry     : Adding type registration boolean -> org.hibernate.type.BasicTypeReference@550ad061
2024-01-02T21:14:56.729Z DEBUG 22136 --- [restartedMain] org.hibernate.type.BasicTypeRegistry     : Adding type registration boolean -> org.hibernate.type.BasicTypeReference@550ad061
2024-01-02T21:14:56.729Z DEBUG 22136 --- [restartedMain] org.hibernate.type.BasicTypeRegistry     : Adding type registration java.lang.Boolean -> org.hibernate.type.BasicTypeReference@550ad061
2024-01-02T21:14:56.729Z DEBUG 22136 --- [restartedMain] org.hibernate.type.BasicTypeRegistry     : Adding type registration numeric_boolean -> org.hibernate.type.BasicTypeReference@4ea1b72f
2024-01-02T21:14:56.730Z DEBUG 22136 --- [restartedMain] org.hibernate.type.BasicTypeRegistry     : Adding type registration org.hibernate.type.NumericBooleanConverter -> org.hibernate.type.BasicTypeReference@4ea1b72f
2024-01-02T21:14:56.730Z DEBUG 22136 --- [restartedMain] org.hibernate.type.BasicTypeRegistry     : Adding type registration true_false -> org.hibernate.type.BasicTypeReference@7e935b6
2024-01-02T21:14:56.730Z DEBUG 22136 --- [restartedMain] org.hibernate.type.BasicTypeRegistry     : Adding type registration org.hibernate.type.TrueFalseConverter -> org.hibernate.type.BasicTypeReference@7e935b6
2024-01-02T21:14:56.731Z DEBUG 22136 --- [restartedMain] org.hibernate.type.BasicTypeRegistry     : Adding type registration yes_no -> org.hibernate.type.BasicTypeReference@28167168
2024-01-02T21:14:56.731Z DEBUG 22136 --- [restartedMain] org.hibernate.type.BasicTypeRegistry     : Adding type registration org.hibernate.type.YesNoConverter -> org.hibernate.type.BasicTypeReference@28167168
2024-01-02T21:14:56.731Z DEBUG 22136 --- [restartedMain] org.hibernate.type.BasicTypeRegistry     : Adding type registration byte -> org.hibernate.type.BasicTypeReference@2b9c35d3
2024-01-02T21:14:56.731Z DEBUG 22136 --- [restartedMain] org.hibernate.type.BasicTypeRegistry     : Adding type registration byte -> org.hibernate.type.BasicTypeReference@2b9c35d3
2024-01-02T21:14:56.732Z DEBUG 22136 --- [restartedMain] org.hibernate.type.BasicTypeRegistry     : Adding type registration java.lang.Byte -> org.hibernate.type.BasicTypeReference@2b9c35d3
2024-01-02T21:14:56.733Z DEBUG 22136 --- [restartedMain] org.hibernate.type.BasicTypeRegistry     : Adding type registration binary -> org.hibernate.type.BasicTypeReference@68c7f740
2024-01-02T21:14:56.733Z DEBUG 22136 --- [restartedMain] org.hibernate.type.BasicTypeRegistry     : Adding type registration byte[] -> org.hibernate.type.BasicTypeReference@68c7f740
2024-01-02T21:14:56.733Z DEBUG 22136 --- [restartedMain] org.hibernate.type.BasicTypeRegistry     : Adding type registration [B -> org.hibernate.type.BasicTypeReference@68c7f740
2024-01-02T21:14:56.733Z DEBUG 22136 --- [restartedMain] org.hibernate.type.BasicTypeRegistry     : Adding type registration binary_wrapper -> org.hibernate.type.BasicTypeReference@77331b3c
2024-01-02T21:14:56.733Z DEBUG 22136 --- [restartedMain] org.hibernate.type.BasicTypeRegistry     : Adding type registration wrapper-binary -> org.hibernate.type.BasicTypeReference@77331b3c
2024-01-02T21:14:56.735Z DEBUG 22136 --- [restartedMain] org.hibernate.type.BasicTypeRegistry     : Adding type registration image -> org.hibernate.type.BasicTypeReference@20998f6d
2024-01-02T21:14:56.735Z DEBUG 22136 --- [restartedMain] org.hibernate.type.BasicTypeRegistry     : Adding type registration blob -> org.hibernate.type.BasicTypeReference@6fc06e66
2024-01-02T21:14:56.735Z DEBUG 22136 --- [restartedMain] org.hibernate.type.BasicTypeRegistry     : Adding type registration java.sql.Blob -> org.hibernate.type.BasicTypeReference@6fc06e66
2024-01-02T21:14:56.735Z DEBUG 22136 --- [restartedMain] org.hibernate.type.BasicTypeRegistry     : Adding type registration materialized_blob -> org.hibernate.type.BasicTypeReference@ef56cbe
2024-01-02T21:14:56.736Z DEBUG 22136 --- [restartedMain] org.hibernate.type.BasicTypeRegistry     : Adding type registration materialized_blob_wrapper -> org.hibernate.type.BasicTypeReference@61707ca7
2024-01-02T21:14:56.736Z DEBUG 22136 --- [restartedMain] org.hibernate.type.BasicTypeRegistry     : Adding type registration short -> org.hibernate.type.BasicTypeReference@d7e7503
2024-01-02T21:14:56.736Z DEBUG 22136 --- [restartedMain] org.hibernate.type.BasicTypeRegistry     : Adding type registration short -> org.hibernate.type.BasicTypeReference@d7e7503
2024-01-02T21:14:56.737Z DEBUG 22136 --- [restartedMain] org.hibernate.type.BasicTypeRegistry     : Adding type registration java.lang.Short -> org.hibernate.type.BasicTypeReference@d7e7503
2024-01-02T21:14:56.737Z DEBUG 22136 --- [restartedMain] org.hibernate.type.BasicTypeRegistry     : Adding type registration integer -> org.hibernate.type.BasicTypeReference@61218994
2024-01-02T21:14:56.737Z DEBUG 22136 --- [restartedMain] org.hibernate.type.BasicTypeRegistry     : Adding type registration int -> org.hibernate.type.BasicTypeReference@61218994
2024-01-02T21:14:56.737Z DEBUG 22136 --- [restartedMain] org.hibernate.type.BasicTypeRegistry     : Adding type registration java.lang.Integer -> org.hibernate.type.BasicTypeReference@61218994
2024-01-02T21:14:56.738Z DEBUG 22136 --- [restartedMain] org.hibernate.type.BasicTypeRegistry     : Adding type registration long -> org.hibernate.type.BasicTypeReference@44148992
2024-01-02T21:14:56.738Z DEBUG 22136 --- [restartedMain] org.hibernate.type.BasicTypeRegistry     : Adding type registration long -> org.hibernate.type.BasicTypeReference@44148992
2024-01-02T21:14:56.738Z DEBUG 22136 --- [restartedMain] org.hibernate.type.BasicTypeRegistry     : Adding type registration java.lang.Long -> org.hibernate.type.BasicTypeReference@44148992
2024-01-02T21:14:56.738Z DEBUG 22136 --- [restartedMain] org.hibernate.type.BasicTypeRegistry     : Adding type registration float -> org.hibernate.type.BasicTypeReference@266340f3
2024-01-02T21:14:56.738Z DEBUG 22136 --- [restartedMain] org.hibernate.type.BasicTypeRegistry     : Adding type registration float -> org.hibernate.type.BasicTypeReference@266340f3
2024-01-02T21:14:56.739Z DEBUG 22136 --- [restartedMain] org.hibernate.type.BasicTypeRegistry     : Adding type registration java.lang.Float -> org.hibernate.type.BasicTypeReference@266340f3
2024-01-02T21:14:56.739Z DEBUG 22136 --- [restartedMain] org.hibernate.type.BasicTypeRegistry     : Adding type registration double -> org.hibernate.type.BasicTypeReference@58cbff51
2024-01-02T21:14:56.739Z DEBUG 22136 --- [restartedMain] org.hibernate.type.BasicTypeRegistry     : Adding type registration double -> org.hibernate.type.BasicTypeReference@58cbff51
2024-01-02T21:14:56.740Z DEBUG 22136 --- [restartedMain] org.hibernate.type.BasicTypeRegistry     : Adding type registration java.lang.Double -> org.hibernate.type.BasicTypeReference@58cbff51
2024-01-02T21:14:56.740Z DEBUG 22136 --- [restartedMain] org.hibernate.type.BasicTypeRegistry     : Adding type registration big_integer -> org.hibernate.type.BasicTypeReference@35cbb0f5
2024-01-02T21:14:56.740Z DEBUG 22136 --- [restartedMain] org.hibernate.type.BasicTypeRegistry     : Adding type registration java.math.BigInteger -> org.hibernate.type.BasicTypeReference@35cbb0f5
2024-01-02T21:14:56.740Z DEBUG 22136 --- [restartedMain] org.hibernate.type.BasicTypeRegistry     : Adding type registration big_decimal -> org.hibernate.type.BasicTypeReference@55f3f7c7
2024-01-02T21:14:56.741Z DEBUG 22136 --- [restartedMain] org.hibernate.type.BasicTypeRegistry     : Adding type registration java.math.BigDecimal -> org.hibernate.type.BasicTypeReference@55f3f7c7
2024-01-02T21:14:56.741Z DEBUG 22136 --- [restartedMain] org.hibernate.type.BasicTypeRegistry     : Adding type registration character -> org.hibernate.type.BasicTypeReference@69ab4152
2024-01-02T21:14:56.741Z DEBUG 22136 --- [restartedMain] org.hibernate.type.BasicTypeRegistry     : Adding type registration char -> org.hibernate.type.BasicTypeReference@69ab4152
2024-01-02T21:14:56.742Z DEBUG 22136 --- [restartedMain] org.hibernate.type.BasicTypeRegistry     : Adding type registration java.lang.Character -> org.hibernate.type.BasicTypeReference@69ab4152
2024-01-02T21:14:56.742Z DEBUG 22136 --- [restartedMain] org.hibernate.type.BasicTypeRegistry     : Adding type registration character_nchar -> org.hibernate.type.BasicTypeReference@6e9d0a41
2024-01-02T21:14:56.742Z DEBUG 22136 --- [restartedMain] org.hibernate.type.BasicTypeRegistry     : Adding type registration string -> org.hibernate.type.BasicTypeReference@6b9537f
2024-01-02T21:14:56.742Z DEBUG 22136 --- [restartedMain] org.hibernate.type.BasicTypeRegistry     : Adding type registration java.lang.String -> org.hibernate.type.BasicTypeReference@6b9537f
2024-01-02T21:14:56.743Z DEBUG 22136 --- [restartedMain] org.hibernate.type.BasicTypeRegistry     : Adding type registration nstring -> org.hibernate.type.BasicTypeReference@4c3ed1a0
2024-01-02T21:14:56.743Z DEBUG 22136 --- [restartedMain] org.hibernate.type.BasicTypeRegistry     : Adding type registration characters -> org.hibernate.type.BasicTypeReference@7facb8a4
2024-01-02T21:14:56.743Z DEBUG 22136 --- [restartedMain] org.hibernate.type.BasicTypeRegistry     : Adding type registration char[] -> org.hibernate.type.BasicTypeReference@7facb8a4
2024-01-02T21:14:56.743Z DEBUG 22136 --- [restartedMain] org.hibernate.type.BasicTypeRegistry     : Adding type registration [C -> org.hibernate.type.BasicTypeReference@7facb8a4
2024-01-02T21:14:56.744Z DEBUG 22136 --- [restartedMain] org.hibernate.type.BasicTypeRegistry     : Adding type registration wrapper-characters -> org.hibernate.type.BasicTypeReference@79e56a12
2024-01-02T21:14:56.744Z DEBUG 22136 --- [restartedMain] org.hibernate.type.BasicTypeRegistry     : Adding type registration text -> org.hibernate.type.BasicTypeReference@350becfa
2024-01-02T21:14:56.744Z DEBUG 22136 --- [restartedMain] org.hibernate.type.BasicTypeRegistry     : Adding type registration ntext -> org.hibernate.type.BasicTypeReference@f82982a
2024-01-02T21:14:56.744Z DEBUG 22136 --- [restartedMain] org.hibernate.type.BasicTypeRegistry     : Adding type registration clob -> org.hibernate.type.BasicTypeReference@157178e6
2024-01-02T21:14:56.744Z DEBUG 22136 --- [restartedMain] org.hibernate.type.BasicTypeRegistry     : Adding type registration java.sql.Clob -> org.hibernate.type.BasicTypeReference@157178e6
2024-01-02T21:14:56.745Z DEBUG 22136 --- [restartedMain] org.hibernate.type.BasicTypeRegistry     : Adding type registration nclob -> org.hibernate.type.BasicTypeReference@479635a0
2024-01-02T21:14:56.745Z DEBUG 22136 --- [restartedMain] org.hibernate.type.BasicTypeRegistry     : Adding type registration java.sql.NClob -> org.hibernate.type.BasicTypeReference@479635a0
2024-01-02T21:14:56.745Z DEBUG 22136 --- [restartedMain] org.hibernate.type.BasicTypeRegistry     : Adding type registration materialized_clob -> org.hibernate.type.BasicTypeReference@2d106d94
2024-01-02T21:14:56.745Z DEBUG 22136 --- [restartedMain] org.hibernate.type.BasicTypeRegistry     : Adding type registration materialized_clob_char_array -> org.hibernate.type.BasicTypeReference@36c8f3d4
2024-01-02T21:14:56.745Z DEBUG 22136 --- [restartedMain] org.hibernate.type.BasicTypeRegistry     : Adding type registration materialized_clob_character_array -> org.hibernate.type.BasicTypeReference@28e00ba3
2024-01-02T21:14:56.746Z DEBUG 22136 --- [restartedMain] org.hibernate.type.BasicTypeRegistry     : Adding type registration materialized_nclob -> org.hibernate.type.BasicTypeReference@5e2d102a
2024-01-02T21:14:56.746Z DEBUG 22136 --- [restartedMain] org.hibernate.type.BasicTypeRegistry     : Adding type registration materialized_nclob_character_array -> org.hibernate.type.BasicTypeReference@707faab6
2024-01-02T21:14:56.746Z DEBUG 22136 --- [restartedMain] org.hibernate.type.BasicTypeRegistry     : Adding type registration materialized_nclob_char_array -> org.hibernate.type.BasicTypeReference@158a13e
2024-01-02T21:14:56.746Z DEBUG 22136 --- [restartedMain] org.hibernate.type.BasicTypeRegistry     : Adding type registration Duration -> org.hibernate.type.BasicTypeReference@294d0fa5
2024-01-02T21:14:56.746Z DEBUG 22136 --- [restartedMain] org.hibernate.type.BasicTypeRegistry     : Adding type registration java.time.Duration -> org.hibernate.type.BasicTypeReference@294d0fa5
2024-01-02T21:14:56.746Z DEBUG 22136 --- [restartedMain] org.hibernate.type.BasicTypeRegistry     : Adding type registration LocalDateTime -> org.hibernate.type.BasicTypeReference@1fd7f6e6
2024-01-02T21:14:56.748Z DEBUG 22136 --- [restartedMain] org.hibernate.type.BasicTypeRegistry     : Adding type registration java.time.LocalDateTime -> org.hibernate.type.BasicTypeReference@1fd7f6e6
2024-01-02T21:14:56.748Z DEBUG 22136 --- [restartedMain] org.hibernate.type.BasicTypeRegistry     : Adding type registration LocalDate -> org.hibernate.type.BasicTypeReference@1270d5b0
2024-01-02T21:14:56.748Z DEBUG 22136 --- [restartedMain] org.hibernate.type.BasicTypeRegistry     : Adding type registration java.time.LocalDate -> org.hibernate.type.BasicTypeReference@1270d5b0
2024-01-02T21:14:56.748Z DEBUG 22136 --- [restartedMain] org.hibernate.type.BasicTypeRegistry     : Adding type registration LocalTime -> org.hibernate.type.BasicTypeReference@56e5d791
2024-01-02T21:14:56.749Z DEBUG 22136 --- [restartedMain] org.hibernate.type.BasicTypeRegistry     : Adding type registration java.time.LocalTime -> org.hibernate.type.BasicTypeReference@56e5d791
2024-01-02T21:14:56.749Z DEBUG 22136 --- [restartedMain] org.hibernate.type.BasicTypeRegistry     : Adding type registration OffsetDateTime -> org.hibernate.type.BasicTypeReference@1714dacf
2024-01-02T21:14:56.749Z DEBUG 22136 --- [restartedMain] org.hibernate.type.BasicTypeRegistry     : Adding type registration java.time.OffsetDateTime -> org.hibernate.type.BasicTypeReference@1714dacf
2024-01-02T21:14:56.749Z DEBUG 22136 --- [restartedMain] org.hibernate.type.BasicTypeRegistry     : Adding type registration OffsetDateTimeWithTimezone -> org.hibernate.type.BasicTypeReference@37547e0d
2024-01-02T21:14:56.749Z DEBUG 22136 --- [restartedMain] org.hibernate.type.BasicTypeRegistry     : Adding type registration OffsetDateTimeWithoutTimezone -> org.hibernate.type.BasicTypeReference@231df002
2024-01-02T21:14:56.749Z DEBUG 22136 --- [restartedMain] org.hibernate.type.BasicTypeRegistry     : Adding type registration OffsetTime -> org.hibernate.type.BasicTypeReference@5bbce2af
2024-01-02T21:14:56.749Z DEBUG 22136 --- [restartedMain] org.hibernate.type.BasicTypeRegistry     : Adding type registration java.time.OffsetTime -> org.hibernate.type.BasicTypeReference@5bbce2af
2024-01-02T21:14:56.749Z DEBUG 22136 --- [restartedMain] org.hibernate.type.BasicTypeRegistry     : Adding type registration OffsetTimeUtc -> org.hibernate.type.BasicTypeReference@6acf89b5
2024-01-02T21:14:56.749Z DEBUG 22136 --- [restartedMain] org.hibernate.type.BasicTypeRegistry     : Adding type registration OffsetTimeWithTimezone -> org.hibernate.type.BasicTypeReference@7eff26f7
2024-01-02T21:14:56.750Z DEBUG 22136 --- [restartedMain] org.hibernate.type.BasicTypeRegistry     : Adding type registration OffsetTimeWithoutTimezone -> org.hibernate.type.BasicTypeReference@322e54ca
2024-01-02T21:14:56.750Z DEBUG 22136 --- [restartedMain] org.hibernate.type.BasicTypeRegistry     : Adding type registration ZonedDateTime -> org.hibernate.type.BasicTypeReference@e3b61ba
2024-01-02T21:14:56.750Z DEBUG 22136 --- [restartedMain] org.hibernate.type.BasicTypeRegistry     : Adding type registration java.time.ZonedDateTime -> org.hibernate.type.BasicTypeReference@e3b61ba
2024-01-02T21:14:56.750Z DEBUG 22136 --- [restartedMain] org.hibernate.type.BasicTypeRegistry     : Adding type registration ZonedDateTimeWithTimezone -> org.hibernate.type.BasicTypeReference@182fd3e9
2024-01-02T21:14:56.750Z DEBUG 22136 --- [restartedMain] org.hibernate.type.BasicTypeRegistry     : Adding type registration ZonedDateTimeWithoutTimezone -> org.hibernate.type.BasicTypeReference@1f608685
2024-01-02T21:14:56.754Z DEBUG 22136 --- [restartedMain] org.hibernate.type.BasicTypeRegistry     : Adding type registration date -> org.hibernate.type.BasicTypeReference@5fa819a7
2024-01-02T21:14:56.755Z DEBUG 22136 --- [restartedMain] org.hibernate.type.BasicTypeRegistry     : Adding type registration java.sql.Date -> org.hibernate.type.BasicTypeReference@5fa819a7
2024-01-02T21:14:56.755Z DEBUG 22136 --- [restartedMain] org.hibernate.type.BasicTypeRegistry     : Adding type registration time -> org.hibernate.type.BasicTypeReference@acb8559
2024-01-02T21:14:56.755Z DEBUG 22136 --- [restartedMain] org.hibernate.type.BasicTypeRegistry     : Adding type registration java.sql.Time -> org.hibernate.type.BasicTypeReference@acb8559
2024-01-02T21:14:56.755Z DEBUG 22136 --- [restartedMain] org.hibernate.type.BasicTypeRegistry     : Adding type registration timestamp -> org.hibernate.type.BasicTypeReference@6c1dbf72
2024-01-02T21:14:56.755Z DEBUG 22136 --- [restartedMain] org.hibernate.type.BasicTypeRegistry     : Adding type registration java.sql.Timestamp -> org.hibernate.type.BasicTypeReference@6c1dbf72
2024-01-02T21:14:56.756Z DEBUG 22136 --- [restartedMain] org.hibernate.type.BasicTypeRegistry     : Adding type registration java.util.Date -> org.hibernate.type.BasicTypeReference@6c1dbf72
2024-01-02T21:14:56.757Z DEBUG 22136 --- [restartedMain] org.hibernate.type.BasicTypeRegistry     : Adding type registration calendar -> org.hibernate.type.BasicTypeReference@77d258da
2024-01-02T21:14:56.759Z DEBUG 22136 --- [restartedMain] org.hibernate.type.BasicTypeRegistry     : Adding type registration java.util.Calendar -> org.hibernate.type.BasicTypeReference@77d258da
2024-01-02T21:14:56.764Z DEBUG 22136 --- [restartedMain] org.hibernate.type.BasicTypeRegistry     : Adding type registration java.util.GregorianCalendar -> org.hibernate.type.BasicTypeReference@77d258da
2024-01-02T21:14:56.765Z DEBUG 22136 --- [restartedMain] org.hibernate.type.BasicTypeRegistry     : Adding type registration calendar_date -> org.hibernate.type.BasicTypeReference@682812a6
2024-01-02T21:14:56.765Z DEBUG 22136 --- [restartedMain] org.hibernate.type.BasicTypeRegistry     : Adding type registration calendar_time -> org.hibernate.type.BasicTypeReference@3e1fa3b7
2024-01-02T21:14:56.766Z DEBUG 22136 --- [restartedMain] org.hibernate.type.BasicTypeRegistry     : Adding type registration instant -> org.hibernate.type.BasicTypeReference@3ff86d29
2024-01-02T21:14:56.766Z DEBUG 22136 --- [restartedMain] org.hibernate.type.BasicTypeRegistry     : Adding type registration java.time.Instant -> org.hibernate.type.BasicTypeReference@3ff86d29
2024-01-02T21:14:56.766Z DEBUG 22136 --- [restartedMain] org.hibernate.type.BasicTypeRegistry     : Adding type registration uuid -> org.hibernate.type.BasicTypeReference@5a09f684
2024-01-02T21:14:56.767Z DEBUG 22136 --- [restartedMain] org.hibernate.type.BasicTypeRegistry     : Adding type registration java.util.UUID -> org.hibernate.type.BasicTypeReference@5a09f684
2024-01-02T21:14:56.767Z DEBUG 22136 --- [restartedMain] org.hibernate.type.BasicTypeRegistry     : Adding type registration pg-uuid -> org.hibernate.type.BasicTypeReference@5a09f684
2024-01-02T21:14:56.768Z DEBUG 22136 --- [restartedMain] org.hibernate.type.BasicTypeRegistry     : Adding type registration uuid-binary -> org.hibernate.type.BasicTypeReference@721c7241
2024-01-02T21:14:56.769Z DEBUG 22136 --- [restartedMain] org.hibernate.type.BasicTypeRegistry     : Adding type registration uuid-char -> org.hibernate.type.BasicTypeReference@31dd65ae
2024-01-02T21:14:56.770Z DEBUG 22136 --- [restartedMain] org.hibernate.type.BasicTypeRegistry     : Adding type registration class -> org.hibernate.type.BasicTypeReference@4db0c799
2024-01-02T21:14:56.771Z DEBUG 22136 --- [restartedMain] org.hibernate.type.BasicTypeRegistry     : Adding type registration java.lang.Class -> org.hibernate.type.BasicTypeReference@4db0c799
2024-01-02T21:14:56.771Z DEBUG 22136 --- [restartedMain] org.hibernate.type.BasicTypeRegistry     : Adding type registration currency -> org.hibernate.type.BasicTypeReference@5898a57d
2024-01-02T21:14:56.772Z DEBUG 22136 --- [restartedMain] org.hibernate.type.BasicTypeRegistry     : Adding type registration Currency -> org.hibernate.type.BasicTypeReference@5898a57d
2024-01-02T21:14:56.772Z DEBUG 22136 --- [restartedMain] org.hibernate.type.BasicTypeRegistry     : Adding type registration java.util.Currency -> org.hibernate.type.BasicTypeReference@5898a57d
2024-01-02T21:14:56.774Z DEBUG 22136 --- [restartedMain] org.hibernate.type.BasicTypeRegistry     : Adding type registration locale -> org.hibernate.type.BasicTypeReference@49874a55
2024-01-02T21:14:56.777Z DEBUG 22136 --- [restartedMain] org.hibernate.type.BasicTypeRegistry     : Adding type registration java.util.Locale -> org.hibernate.type.BasicTypeReference@49874a55
2024-01-02T21:14:56.778Z DEBUG 22136 --- [restartedMain] org.hibernate.type.BasicTypeRegistry     : Adding type registration serializable -> org.hibernate.type.BasicTypeReference@132da6de
2024-01-02T21:14:56.778Z DEBUG 22136 --- [restartedMain] org.hibernate.type.BasicTypeRegistry     : Adding type registration java.io.Serializable -> org.hibernate.type.BasicTypeReference@132da6de
2024-01-02T21:14:56.779Z DEBUG 22136 --- [restartedMain] org.hibernate.type.BasicTypeRegistry     : Adding type registration timezone -> org.hibernate.type.BasicTypeReference@586a272d
2024-01-02T21:14:56.779Z DEBUG 22136 --- [restartedMain] org.hibernate.type.BasicTypeRegistry     : Adding type registration java.util.TimeZone -> org.hibernate.type.BasicTypeReference@586a272d
2024-01-02T21:14:56.780Z DEBUG 22136 --- [restartedMain] org.hibernate.type.BasicTypeRegistry     : Adding type registration ZoneOffset -> org.hibernate.type.BasicTypeReference@45c4c210
2024-01-02T21:14:56.780Z DEBUG 22136 --- [restartedMain] org.hibernate.type.BasicTypeRegistry     : Adding type registration java.time.ZoneOffset -> org.hibernate.type.BasicTypeReference@45c4c210
2024-01-02T21:14:56.780Z DEBUG 22136 --- [restartedMain] org.hibernate.type.BasicTypeRegistry     : Adding type registration url -> org.hibernate.type.BasicTypeReference@3662ed1f
2024-01-02T21:14:56.781Z DEBUG 22136 --- [restartedMain] org.hibernate.type.BasicTypeRegistry     : Adding type registration java.net.URL -> org.hibernate.type.BasicTypeReference@3662ed1f
2024-01-02T21:14:56.781Z DEBUG 22136 --- [restartedMain] org.hibernate.type.BasicTypeRegistry     : Adding type registration row_version -> org.hibernate.type.BasicTypeReference@4807b65b
2024-01-02T21:14:56.798Z DEBUG 22136 --- [restartedMain] org.hibernate.type.BasicTypeRegistry     : Adding type registration object -> org.hibernate.type.JavaObjectType@534d4b77
2024-01-02T21:14:56.798Z DEBUG 22136 --- [restartedMain] org.hibernate.type.BasicTypeRegistry     : Adding type registration java.lang.Object -> org.hibernate.type.JavaObjectType@534d4b77
2024-01-02T21:14:56.801Z DEBUG 22136 --- [restartedMain] org.hibernate.type.BasicTypeRegistry     : Adding type registration null -> org.hibernate.type.NullType@7126a016
2024-01-02T21:14:56.802Z DEBUG 22136 --- [restartedMain] org.hibernate.type.BasicTypeRegistry     : Adding type registration imm_date -> org.hibernate.type.BasicTypeReference@48fde0ca
2024-01-02T21:14:56.802Z DEBUG 22136 --- [restartedMain] org.hibernate.type.BasicTypeRegistry     : Adding type registration imm_time -> org.hibernate.type.BasicTypeReference@7d93ae75
2024-01-02T21:14:56.802Z DEBUG 22136 --- [restartedMain] org.hibernate.type.BasicTypeRegistry     : Adding type registration imm_timestamp -> org.hibernate.type.BasicTypeReference@3c591fdd
2024-01-02T21:14:56.802Z DEBUG 22136 --- [restartedMain] org.hibernate.type.BasicTypeRegistry     : Adding type registration imm_calendar -> org.hibernate.type.BasicTypeReference@783b2e50
2024-01-02T21:14:56.802Z DEBUG 22136 --- [restartedMain] org.hibernate.type.BasicTypeRegistry     : Adding type registration imm_calendar_date -> org.hibernate.type.BasicTypeReference@5fe76a2d
2024-01-02T21:14:56.802Z DEBUG 22136 --- [restartedMain] org.hibernate.type.BasicTypeRegistry     : Adding type registration imm_calendar_time -> org.hibernate.type.BasicTypeReference@3fe787a2
2024-01-02T21:14:56.803Z DEBUG 22136 --- [restartedMain] org.hibernate.type.BasicTypeRegistry     : Adding type registration imm_binary -> org.hibernate.type.BasicTypeReference@4bb4c074
2024-01-02T21:14:56.803Z DEBUG 22136 --- [restartedMain] org.hibernate.type.BasicTypeRegistry     : Adding type registration imm_serializable -> org.hibernate.type.BasicTypeReference@6a5c2efc
2024-01-02T21:14:57.341Z  INFO 22136 --- [restartedMain] o.s.o.j.p.SpringPersistenceUnitInfo      : No LoadTimeWeaver setup: ignoring JPA class transformer
2024-01-02T21:14:57.410Z  INFO 22136 --- [restartedMain] com.zaxxer.hikari.HikariDataSource       : HikariPool-1 - Starting...
2024-01-02T21:14:58.350Z  INFO 22136 --- [restartedMain] com.zaxxer.hikari.pool.HikariPool        : HikariPool-1 - Added connection ConnectionID:1 ClientConnectionId: 4f016f21-0ddc-4d00-8304-5f198fa85034
2024-01-02T21:14:58.353Z  INFO 22136 --- [restartedMain] com.zaxxer.hikari.HikariDataSource       : HikariPool-1 - Start completed.
2024-01-02T21:14:58.424Z  WARN 22136 --- [restartedMain] org.hibernate.orm.deprecation            : HHH90000025: SQLServerDialect does not need to be specified explicitly using 'hibernate.dialect' (remove the property setting and it will be selected by default)
2024-01-02T21:14:58.530Z DEBUG 22136 --- [restartedMain] o.h.t.d.jdbc.spi.JdbcTypeRegistry        : addDescriptor(NCharTypeDescriptor) replaced previous registration(CharTypeDescriptor)
2024-01-02T21:14:58.530Z DEBUG 22136 --- [restartedMain] o.h.t.d.jdbc.spi.JdbcTypeRegistry        : addDescriptor(NVarcharTypeDescriptor) replaced previous registration(VarcharTypeDescriptor)
2024-01-02T21:14:58.532Z DEBUG 22136 --- [restartedMain] o.h.t.d.jdbc.spi.JdbcTypeRegistry        : addDescriptor(LongNVarcharTypeDescriptor) replaced previous registration(LongVarcharTypeDescriptor)
2024-01-02T21:14:58.539Z DEBUG 22136 --- [restartedMain] o.h.t.d.jdbc.spi.JdbcTypeRegistry        : addDescriptor(NClobTypeDescriptor(DEFAULT)) replaced previous registration(ClobTypeDescriptor(DEFAULT))
2024-01-02T21:14:58.539Z DEBUG 22136 --- [restartedMain] o.h.t.d.jdbc.spi.JdbcTypeRegistry        : addDescriptor(2005, ClobTypeDescriptor(STREAM_BINDING)) replaced previous registration(ClobTypeDescriptor(DEFAULT))
2024-01-02T21:14:58.541Z DEBUG 22136 --- [restartedMain] o.h.t.d.jdbc.spi.JdbcTypeRegistry        : addDescriptor(TimestampUtcDescriptor) replaced previous registration(TimestampUtcDescriptor)
2024-01-02T21:14:58.543Z DEBUG 22136 --- [restartedMain] o.h.t.d.jdbc.spi.JdbcTypeRegistry        : addDescriptor(-6, TinyIntTypeDescriptor) replaced previous registration(TinyIntTypeDescriptor)
2024-01-02T21:14:58.552Z DEBUG 22136 --- [restartedMain] org.hibernate.type.BasicTypeRegistry     : Adding type registration Duration -> basicType@1(java.time.Duration,2)
2024-01-02T21:14:58.554Z DEBUG 22136 --- [restartedMain] org.hibernate.type.BasicTypeRegistry     : Adding type registration java.time.Duration -> basicType@1(java.time.Duration,2)
2024-01-02T21:14:58.566Z DEBUG 22136 --- [restartedMain] o.h.type.spi.TypeConfiguration$Scope     : Scoping TypeConfiguration [org.hibernate.type.spi.TypeConfiguration@69ae6efe] to MetadataBuildingContext [org.hibernate.boot.internal.MetadataBuildingContextRootImpl@9be73c6]
2024-01-02T21:15:02.478Z  INFO 22136 --- [restartedMain] o.h.e.t.j.p.i.JtaPlatformInitiator       : HHH000489: No JTA platform available (set 'hibernate.transaction.jta.platform' to enable JTA platform integration)
2024-01-02T21:15:02.479Z DEBUG 22136 --- [restartedMain] o.h.type.spi.TypeConfiguration$Scope     : Scoping TypeConfiguration [org.hibernate.type.spi.TypeConfiguration@69ae6efe] to SessionFactoryImplementor [org.hibernate.internal.SessionFactoryImpl@70ea641e]
2024-01-02T21:15:04.833Z TRACE 22136 --- [restartedMain] o.h.type.spi.TypeConfiguration$Scope     : Handling #sessionFactoryCreated from [org.hibernate.internal.SessionFactoryImpl@70ea641e] for TypeConfiguration
2024-01-02T21:15:04.834Z  INFO 22136 --- [restartedMain] j.LocalContainerEntityManagerFactoryBean : Initialized JPA EntityManagerFactory for persistence unit 'default'
2024-01-02T21:15:06.556Z  INFO 22136 --- [restartedMain] o.s.d.j.r.query.QueryEnhancerFactory     : Hibernate is in classpath; If applicable, HQL parser will be used.
2024-01-02T21:15:11.887Z  WARN 22136 --- [restartedMain] JpaBaseConfiguration$JpaWebConfiguration : spring.jpa.open-in-view is enabled by default. Therefore, database queries may be performed during view rendering. Explicitly configure spring.jpa.open-in-view to disable this warning
2024-01-02T21:15:13.368Z  WARN 22136 --- [restartedMain] ion$DefaultTemplateResolverConfiguration : Cannot find template location: classpath:/templates/ (please add some templates, check your Thymeleaf configuration, or set spring.thymeleaf.check-template-location=false)
2024-01-02T21:15:15.503Z  INFO 22136 --- [restartedMain] o.s.b.d.a.OptionalLiveReloadServer       : LiveReload server is running on port 35729
2024-01-02T21:15:15.539Z  INFO 22136 --- [restartedMain] o.s.b.a.e.web.EndpointLinksResolver      : Exposing 1 endpoint(s) beneath base path '/actuator'
2024-01-02T21:15:16.098Z  INFO 22136 --- [restartedMain] o.s.i.endpoint.EventDrivenConsumer       : Adding {logging-channel-adapter:_org.springframework.integration.errorLogger} as a subscriber to the 'errorChannel' channel
2024-01-02T21:15:16.099Z  INFO 22136 --- [restartedMain] o.s.i.channel.PublishSubscribeChannel    : Channel 'application.errorChannel' has 1 subscriber(s).
2024-01-02T21:15:16.101Z  INFO 22136 --- [restartedMain] o.s.i.endpoint.EventDrivenConsumer       : started bean '_org.springframework.integration.errorLogger'
2024-01-02T21:15:16.159Z  INFO 22136 --- [restartedMain] o.s.b.w.embedded.tomcat.TomcatWebServer  : Tomcat started on port 8081 (http) with context path ''
2024-01-02T21:15:16.215Z  INFO 22136 --- [restartedMain] com.casamancaise.LivraisonApplication    : Started LivraisonApplication in 31.339 seconds (process running for 41.867)
2024-01-02T21:15:18.983Z  INFO 22136 --- [http-nio-8081-exec-1] o.a.c.c.C.[Tomcat].[localhost].[/]       : Initializing Spring DispatcherServlet 'dispatcherServlet'
2024-01-02T21:15:18.984Z  INFO 22136 --- [http-nio-8081-exec-1] o.s.web.servlet.DispatcherServlet        : Initializing Servlet 'dispatcherServlet'
2024-01-02T21:15:18.991Z  INFO 22136 --- [http-nio-8081-exec-1] o.s.web.servlet.DispatcherServlet        : Completed initialization in 6 ms
2024-01-02T21:15:22.056Z  INFO 22136 --- [http-nio-8081-exec-5] o.springdoc.api.AbstractOpenApiResource  : Init duration for springdoc-openapi is: 2370 ms
2024-01-02T21:22:12.207Z  INFO 22136 --- [SpringApplicationShutdownHook] o.s.i.endpoint.EventDrivenConsumer       : Removing {logging-channel-adapter:_org.springframework.integration.errorLogger} as a subscriber to the 'errorChannel' channel
2024-01-02T21:22:12.208Z  INFO 22136 --- [SpringApplicationShutdownHook] o.s.i.channel.PublishSubscribeChannel    : Channel 'application.errorChannel' has 0 subscriber(s).
2024-01-02T21:22:12.209Z  INFO 22136 --- [SpringApplicationShutdownHook] o.s.i.endpoint.EventDrivenConsumer       : stopped bean '_org.springframework.integration.errorLogger'
2024-01-02T21:22:12.249Z  INFO 22136 --- [SpringApplicationShutdownHook] j.LocalContainerEntityManagerFactoryBean : Closing JPA EntityManagerFactory for persistence unit 'default'
2024-01-02T21:22:12.251Z TRACE 22136 --- [SpringApplicationShutdownHook] o.h.type.spi.TypeConfiguration$Scope     : Handling #sessionFactoryClosed from [org.hibernate.internal.SessionFactoryImpl@70ea641e] for TypeConfiguration
2024-01-02T21:22:12.251Z DEBUG 22136 --- [SpringApplicationShutdownHook] o.h.type.spi.TypeConfiguration$Scope     : Un-scoping TypeConfiguration [org.hibernate.type.spi.TypeConfiguration$Scope@4e1e7df3] from SessionFactory [org.hibernate.internal.SessionFactoryImpl@70ea641e]
2024-01-02T21:22:12.266Z  INFO 22136 --- [SpringApplicationShutdownHook] com.zaxxer.hikari.HikariDataSource       : HikariPool-1 - Shutdown initiated...
2024-01-02T21:22:12.278Z  INFO 22136 --- [SpringApplicationShutdownHook] com.zaxxer.hikari.HikariDataSource       : HikariPool-1 - Shutdown completed.
